This is pdfTeX, Version 3.1415926-2.5-1.40.14 (TeX Live 2013) (format=pdflatex 2013.5.30)  28 MAR 2014 13:55
entering extended mode
 restricted \write18 enabled.
 file:line:error style messages enabled.
 %&-line parsing enabled.
**final_report.tex
(./final_report.tex
LaTeX2e <2011/06/27>
Babel <3.9f> and hyphenation patterns for 78 languages loaded.
(/usr/local/texlive/2013/texmf-dist/tex/latex/base/article.cls
Document Class: article 2007/10/19 v1.4h Standard LaTeX document class
(/usr/local/texlive/2013/texmf-dist/tex/latex/base/size10.clo
File: size10.clo 2007/10/19 v1.4h Standard LaTeX file (size option)
)
\c@part=\count79
\c@section=\count80
\c@subsection=\count81
\c@subsubsection=\count82
\c@paragraph=\count83
\c@subparagraph=\count84
\c@figure=\count85
\c@table=\count86
\abovecaptionskip=\skip41
\belowcaptionskip=\skip42
\bibindent=\dimen102
)
(./sydewkrpt.sty
(/usr/local/texlive/2013/texmf-dist/tex/latex/setspace/setspace.sty
Package: setspace 2011/12/19 v6.7a set line spacing
)
(/usr/local/texlive/2013/texmf-dist/tex/latex/url/url.sty
\Urlmuskip=\muskip10
Package: url 2006/04/12  ver 3.3  Verb mode for urls, etc.
)
(/usr/local/texlive/2013/texmf-dist/tex/latex/graphics/graphicx.sty
Package: graphicx 1999/02/16 v1.0f Enhanced LaTeX Graphics (DPC,SPQR)

(/usr/local/texlive/2013/texmf-dist/tex/latex/graphics/keyval.sty
Package: keyval 1999/03/16 v1.13 key=value parser (DPC)
\KV@toks@=\toks14
)
(/usr/local/texlive/2013/texmf-dist/tex/latex/graphics/graphics.sty
Package: graphics 2009/02/05 v1.0o Standard LaTeX Graphics (DPC,SPQR)

(/usr/local/texlive/2013/texmf-dist/tex/latex/graphics/trig.sty
Package: trig 1999/03/16 v1.09 sin cos tan (DPC)
)
(/usr/local/texlive/2013/texmf-dist/tex/latex/latexconfig/graphics.cfg
File: graphics.cfg 2010/04/23 v1.9 graphics configuration of TeX Live
)
Package graphics Info: Driver file: pdftex.def on input line 91.

(/usr/local/texlive/2013/texmf-dist/tex/latex/pdftex-def/pdftex.def
File: pdftex.def 2011/05/27 v0.06d Graphics/color for pdfTeX

(/usr/local/texlive/2013/texmf-dist/tex/generic/oberdiek/infwarerr.sty
Package: infwarerr 2010/04/08 v1.3 Providing info/warning/error messages (HO)
)
(/usr/local/texlive/2013/texmf-dist/tex/generic/oberdiek/ltxcmds.sty
Package: ltxcmds 2011/11/09 v1.22 LaTeX kernel commands for general use (HO)
)
\Gread@gobject=\count87
))
\Gin@req@height=\dimen103
\Gin@req@width=\dimen104
)
(/usr/local/texlive/2013/texmf-dist/tex/latex/tocloft/tocloft.sty
Package: tocloft 2013/05/02 v2.3f parameterised ToC, etc., typesetting
Package tocloft Info: The document has section divisions on input line 44.
\cftparskip=\skip43
\cftbeforetoctitleskip=\skip44
\cftaftertoctitleskip=\skip45
\cftbeforepartskip=\skip46
\cftpartnumwidth=\skip47
\cftpartindent=\skip48
\cftbeforesecskip=\skip49
\cftsecindent=\skip50
\cftsecnumwidth=\skip51
\cftbeforesubsecskip=\skip52
\cftsubsecindent=\skip53
\cftsubsecnumwidth=\skip54
\cftbeforesubsubsecskip=\skip55
\cftsubsubsecindent=\skip56
\cftsubsubsecnumwidth=\skip57
\cftbeforeparaskip=\skip58
\cftparaindent=\skip59
\cftparanumwidth=\skip60
\cftbeforesubparaskip=\skip61
\cftsubparaindent=\skip62
\cftsubparanumwidth=\skip63
\cftbeforeloftitleskip=\skip64
\cftafterloftitleskip=\skip65
\cftbeforefigskip=\skip66
\cftfigindent=\skip67
\cftfignumwidth=\skip68
\c@lofdepth=\count88
\c@lotdepth=\count89
\cftbeforelottitleskip=\skip69
\cftafterlottitleskip=\skip70
\cftbeforetabskip=\skip71
\cfttabindent=\skip72
\cfttabnumwidth=\skip73
)
(/usr/local/texlive/2013/texmf-dist/tex/latex/listings/listings.sty
\lst@mode=\count90
\lst@gtempboxa=\box26
\lst@token=\toks15
\lst@length=\count91
\lst@currlwidth=\dimen105
\lst@column=\count92
\lst@pos=\count93
\lst@lostspace=\dimen106
\lst@width=\dimen107
\lst@newlines=\count94
\lst@lineno=\count95
\lst@maxwidth=\dimen108

(/usr/local/texlive/2013/texmf-dist/tex/latex/listings/lstmisc.sty
File: lstmisc.sty 2007/02/22 1.4 (Carsten Heinz)
\c@lstnumber=\count96
\lst@skipnumbers=\count97
\lst@framebox=\box27
)
(/usr/local/texlive/2013/texmf-dist/tex/latex/listings/listings.cfg
File: listings.cfg 2007/02/22 1.4 listings configuration
))
Package: listings 2007/02/22 1.4 (Carsten Heinz)

(/usr/local/texlive/2013/texmf-dist/tex/latex/graphics/color.sty
Package: color 2005/11/14 v1.0j Standard LaTeX Color (DPC)

(/usr/local/texlive/2013/texmf-dist/tex/latex/latexconfig/color.cfg
File: color.cfg 2007/01/18 v1.5 color configuration of teTeX/TeXLive
)
Package color Info: Driver file: pdftex.def on input line 130.
)
(/usr/local/texlive/2013/texmf-dist/tex/latex/geometry/geometry.sty
Package: geometry 2010/09/12 v5.6 Page Geometry

(/usr/local/texlive/2013/texmf-dist/tex/generic/oberdiek/ifpdf.sty
Package: ifpdf 2011/01/30 v2.3 Provides the ifpdf switch (HO)
Package ifpdf Info: pdfTeX in PDF mode is detected.
)
(/usr/local/texlive/2013/texmf-dist/tex/generic/oberdiek/ifvtex.sty
Package: ifvtex 2010/03/01 v1.5 Detect VTeX and its facilities (HO)
Package ifvtex Info: VTeX not detected.
)
(/usr/local/texlive/2013/texmf-dist/tex/generic/ifxetex/ifxetex.sty
Package: ifxetex 2010/09/12 v0.6 Provides ifxetex conditional
)
\Gm@cnth=\count98
\Gm@cntv=\count99
\c@Gm@tempcnt=\count100
\Gm@bindingoffset=\dimen109
\Gm@wd@mp=\dimen110
\Gm@odd@mp=\dimen111
\Gm@even@mp=\dimen112
\Gm@layoutwidth=\dimen113
\Gm@layoutheight=\dimen114
\Gm@layouthoffset=\dimen115
\Gm@layoutvoffset=\dimen116
\Gm@dimlist=\toks16
)
(/usr/local/texlive/2013/texmf-dist/tex/latex/cite/cite.sty
LaTeX Info: Redefining \cite on input line 302.
LaTeX Info: Redefining \nocite on input line 373.
Package: cite 2010/09/10  v 5.3
)
(/usr/local/texlive/2013/texmf-dist/tex/latex/tools/multicol.sty
Package: multicol 2011/06/27 v1.7a multicolumn formatting (FMi)
\c@tracingmulticols=\count101
\mult@box=\box28
\multicol@leftmargin=\dimen117
\c@unbalance=\count102
\c@collectmore=\count103
\doublecol@number=\count104
\multicoltolerance=\count105
\multicolpretolerance=\count106
\full@width=\dimen118
\page@free=\dimen119
\premulticols=\dimen120
\postmulticols=\dimen121
\multicolsep=\skip74
\multicolbaselineskip=\skip75
\partial@page=\box29
\last@line=\box30
\mult@rightbox=\box31
\mult@grightbox=\box32
\mult@gfirstbox=\box33
\mult@firstbox=\box34
\@tempa=\box35
\@tempa=\box36
\@tempa=\box37
\@tempa=\box38
\@tempa=\box39
\@tempa=\box40
\@tempa=\box41
\@tempa=\box42
\@tempa=\box43
\@tempa=\box44
\@tempa=\box45
\@tempa=\box46
\@tempa=\box47
\@tempa=\box48
\@tempa=\box49
\@tempa=\box50
\@tempa=\box51
\c@columnbadness=\count107
\c@finalcolumnbadness=\count108
\last@try=\dimen122
\multicolovershoot=\dimen123
\multicolundershoot=\dimen124
\mult@nat@firstbox=\box52
\colbreak@box=\box53
\multicol@sort@counter=\count109
)
(/usr/local/texlive/2013/texmf-dist/tex/latex/amsfonts/amsfonts.sty
Package: amsfonts 2013/01/14 v3.01 Basic AMSFonts support
\@emptytoks=\toks17
\symAMSa=\mathgroup4
\symAMSb=\mathgroup5
LaTeX Font Info:    Overwriting math alphabet `\mathfrak' in version `bold'
(Font)                  U/euf/m/n --> U/euf/b/n on input line 106.
))
(/usr/local/texlive/2013/texmf-dist/tex/latex/tools/longtable.sty
Package: longtable 2004/02/01 v4.11 Multi-page Table package (DPC)
\LTleft=\skip76
\LTright=\skip77
\LTpre=\skip78
\LTpost=\skip79
\LTchunksize=\count110
\LTcapwidth=\dimen125
\LT@head=\box54
\LT@firsthead=\box55
\LT@foot=\box56
\LT@lastfoot=\box57
\LT@cols=\count111
\LT@rows=\count112
\c@LT@tables=\count113
\c@LT@chunks=\count114
\LT@p@ftn=\toks18
)
(/usr/local/texlive/2013/texmf-dist/tex/latex/tools/array.sty
Package: array 2008/09/09 v2.4c Tabular extension package (FMi)
\col@sep=\dimen126
\extrarowheight=\dimen127
\NC@list=\toks19
\extratabsurround=\skip80
\backup@length=\skip81
)
(/usr/local/texlive/2013/texmf-dist/tex/latex/ms/ragged2e.sty
Package: ragged2e 2009/05/21 v2.1 ragged2e Package (MS)

(/usr/local/texlive/2013/texmf-dist/tex/latex/ms/everysel.sty
Package: everysel 2011/10/28 v1.2 EverySelectfont Package (MS)
)
\CenteringLeftskip=\skip82
\RaggedLeftLeftskip=\skip83
\RaggedRightLeftskip=\skip84
\CenteringRightskip=\skip85
\RaggedLeftRightskip=\skip86
\RaggedRightRightskip=\skip87
\CenteringParfillskip=\skip88
\RaggedLeftParfillskip=\skip89
\RaggedRightParfillskip=\skip90
\JustifyingParfillskip=\skip91
\CenteringParindent=\skip92
\RaggedLeftParindent=\skip93
\RaggedRightParindent=\skip94
\JustifyingParindent=\skip95
)
(/usr/local/texlive/2013/texmf-dist/tex/latex/amsmath/amsmath.sty
Package: amsmath 2013/01/14 v2.14 AMS math features
\@mathmargin=\skip96

For additional information on amsmath, use the `?' option.
(/usr/local/texlive/2013/texmf-dist/tex/latex/amsmath/amstext.sty
Package: amstext 2000/06/29 v2.01

(/usr/local/texlive/2013/texmf-dist/tex/latex/amsmath/amsgen.sty
File: amsgen.sty 1999/11/30 v2.0
\@emptytoks=\toks20
\ex@=\dimen128
))
(/usr/local/texlive/2013/texmf-dist/tex/latex/amsmath/amsbsy.sty
Package: amsbsy 1999/11/29 v1.2d
\pmbraise@=\dimen129
)
(/usr/local/texlive/2013/texmf-dist/tex/latex/amsmath/amsopn.sty
Package: amsopn 1999/12/14 v2.01 operator names
)
\inf@bad=\count115
LaTeX Info: Redefining \frac on input line 210.
\uproot@=\count116
\leftroot@=\count117
LaTeX Info: Redefining \overline on input line 306.
\classnum@=\count118
\DOTSCASE@=\count119
LaTeX Info: Redefining \ldots on input line 378.
LaTeX Info: Redefining \dots on input line 381.
LaTeX Info: Redefining \cdots on input line 466.
\Mathstrutbox@=\box58
\strutbox@=\box59
\big@size=\dimen130
LaTeX Font Info:    Redeclaring font encoding OML on input line 566.
LaTeX Font Info:    Redeclaring font encoding OMS on input line 567.
\macc@depth=\count120
\c@MaxMatrixCols=\count121
\dotsspace@=\muskip11
\c@parentequation=\count122
\dspbrk@lvl=\count123
\tag@help=\toks21
\row@=\count124
\column@=\count125
\maxfields@=\count126
\andhelp@=\toks22
\eqnshift@=\dimen131
\alignsep@=\dimen132
\tagshift@=\dimen133
\tagwidth@=\dimen134
\totwidth@=\dimen135
\lineht@=\dimen136
\@envbody=\toks23
\multlinegap=\skip97
\multlinetaggap=\skip98
\mathdisplay@stack=\toks24
LaTeX Info: Redefining \[ on input line 2665.
LaTeX Info: Redefining \] on input line 2666.
)
(/usr/local/texlive/2013/texmf-dist/tex/latex/amsfonts/amssymb.sty
Package: amssymb 2013/01/14 v3.01 AMS font symbols
)
(./final_report.aux)
\openout1 = `final_report.aux'.

LaTeX Font Info:    Checking defaults for OML/cmm/m/it on input line 16.
LaTeX Font Info:    ... okay on input line 16.
LaTeX Font Info:    Checking defaults for T1/cmr/m/n on input line 16.
LaTeX Font Info:    ... okay on input line 16.
LaTeX Font Info:    Checking defaults for OT1/cmr/m/n on input line 16.
LaTeX Font Info:    ... okay on input line 16.
LaTeX Font Info:    Checking defaults for OMS/cmsy/m/n on input line 16.
LaTeX Font Info:    ... okay on input line 16.
LaTeX Font Info:    Checking defaults for OMX/cmex/m/n on input line 16.
LaTeX Font Info:    ... okay on input line 16.
LaTeX Font Info:    Checking defaults for U/cmr/m/n on input line 16.
LaTeX Font Info:    ... okay on input line 16.

(/usr/local/texlive/2013/texmf-dist/tex/context/base/supp-pdf.mkii
[Loading MPS to PDF converter (version 2006.09.02).]
\scratchcounter=\count127
\scratchdimen=\dimen137
\scratchbox=\box60
\nofMPsegments=\count128
\nofMParguments=\count129
\everyMPshowfont=\toks25
\MPscratchCnt=\count130
\MPscratchDim=\dimen138
\MPnumerator=\count131
\makeMPintoPDFobject=\count132
\everyMPtoPDFconversion=\toks26
) (/usr/local/texlive/2013/texmf-dist/tex/generic/oberdiek/pdftexcmds.sty
Package: pdftexcmds 2011/11/29 v0.20 Utility functions of pdfTeX for LuaTeX (HO
)

(/usr/local/texlive/2013/texmf-dist/tex/generic/oberdiek/ifluatex.sty
Package: ifluatex 2010/03/01 v1.3 Provides the ifluatex switch (HO)
Package ifluatex Info: LuaTeX not detected.
)
Package pdftexcmds Info: LuaTeX not detected.
Package pdftexcmds Info: \pdf@primitive is available.
Package pdftexcmds Info: \pdf@ifprimitive is available.
Package pdftexcmds Info: \pdfdraftmode found.
)
(/usr/local/texlive/2013/texmf-dist/tex/latex/oberdiek/epstopdf-base.sty
Package: epstopdf-base 2010/02/09 v2.5 Base part for package epstopdf

(/usr/local/texlive/2013/texmf-dist/tex/latex/oberdiek/grfext.sty
Package: grfext 2010/08/19 v1.1 Manage graphics extensions (HO)

(/usr/local/texlive/2013/texmf-dist/tex/generic/oberdiek/kvdefinekeys.sty
Package: kvdefinekeys 2011/04/07 v1.3 Define keys (HO)
))
(/usr/local/texlive/2013/texmf-dist/tex/latex/oberdiek/kvoptions.sty
Package: kvoptions 2011/06/30 v3.11 Key value format for package options (HO)

(/usr/local/texlive/2013/texmf-dist/tex/generic/oberdiek/kvsetkeys.sty
Package: kvsetkeys 2012/04/25 v1.16 Key value parser (HO)

(/usr/local/texlive/2013/texmf-dist/tex/generic/oberdiek/etexcmds.sty
Package: etexcmds 2011/02/16 v1.5 Avoid name clashes with e-TeX commands (HO)
Package etexcmds Info: Could not find \expanded.
(etexcmds)             That can mean that you are not using pdfTeX 1.50 or
(etexcmds)             that some package has redefined \expanded.
(etexcmds)             In the latter case, load this package earlier.
)))
Package grfext Info: Graphics extension search list:
(grfext)             [.png,.pdf,.jpg,.mps,.jpeg,.jbig2,.jb2,.PNG,.PDF,.JPG,.JPE
G,.JBIG2,.JB2,.eps]
(grfext)             \AppendGraphicsExtensions on input line 452.

(/usr/local/texlive/2013/texmf-dist/tex/latex/latexconfig/epstopdf-sys.cfg
File: epstopdf-sys.cfg 2010/07/13 v1.3 Configuration of (r)epstopdf for TeX Liv
e
))
\c@lstlisting=\count133

*geometry* driver: auto-detecting
*geometry* detected driver: pdftex
*geometry* verbose mode - [ preamble ] result:
* driver: pdftex
* paper: <default>
* layout: <same size as paper>
* layoutoffset:(h,v)=(0.0pt,0.0pt)
* modes: 
* h-part:(L,W,R)=(72.26999pt, 469.75502pt, 72.26999pt)
* v-part:(T,H,B)=(72.26999pt, 650.43001pt, 72.26999pt)
* \paperwidth=614.295pt
* \paperheight=794.96999pt
* \textwidth=469.75502pt
* \textheight=650.43001pt
* \oddsidemargin=0.0pt
* \evensidemargin=0.0pt
* \topmargin=-37.0pt
* \headheight=12.0pt
* \headsep=25.0pt
* \topskip=10.0pt
* \footskip=30.0pt
* \marginparwidth=65.0pt
* \marginparsep=11.0pt
* \columnsep=10.0pt
* \skip\footins=9.0pt plus 4.0pt minus 2.0pt
* \hoffset=0.0pt
* \voffset=0.0pt
* \mag=1000
* \@twocolumnfalse
* \@twosidefalse
* \@mparswitchfalse
* \@reversemarginfalse
* (1in=72.27pt=25.4mm, 1cm=28.453pt)

ABD: EverySelectfont initializing macros
LaTeX Info: Redefining \selectfont on input line 16.


LaTeX Font Warning: Font shape `OT1/cmr/bx/sc' undefined
(Font)              using `OT1/cmr/bx/n' instead on input line 27.

[1

{/usr/local/texlive/2013/texmf-var/fonts/map/pdftex/updmap/pdftex.map}]
(./final_report.toc
LaTeX Font Info:    Try loading font information for U+msa on input line 1.

(/usr/local/texlive/2013/texmf-dist/tex/latex/amsfonts/umsa.fd
File: umsa.fd 2013/01/14 v3.01 AMS symbols A
)
LaTeX Font Info:    Try loading font information for U+msb on input line 1.

(/usr/local/texlive/2013/texmf-dist/tex/latex/amsfonts/umsb.fd
File: umsb.fd 2013/01/14 v3.01 AMS symbols B
) [1])
\tf@toc=\write3
\openout3 = `final_report.toc'.

 [2]
(./final_report.lof)
\tf@lof=\write4
\openout4 = `final_report.lof'.

 [3]
Underfull \hbox (badness 10000) in paragraph at lines 37--38

 []


Underfull \hbox (badness 10000) in paragraph at lines 41--44

 []


LaTeX Warning: Citation `la-atcs-article' on page 1 undefined on input line 46.



LaTeX Warning: Citation `montreal-transcore' on page 1 undefined on input line 
47.


Underfull \hbox (badness 10000) in paragraph at lines 45--49

 []


LaTeX Warning: Citation `la-atcs-article' on page 1 undefined on input line 53.



Underfull \hbox (badness 10000) in paragraph at lines 50--55

 []

[1]

LaTeX Warning: Citation `1688100' on page 2 undefined on input line 58.


LaTeX Warning: Citation `5073360' on page 2 undefined on input line 58.


LaTeX Warning: Citation `uot-article' on page 2 undefined on input line 58.


LaTeX Warning: Citation `uot-article' on page 2 undefined on input line 58.


Underfull \hbox (badness 10000) in paragraph at lines 56--60

 []


Underfull \hbox (badness 10000) in paragraph at lines 61--64

 []


Underfull \hbox (badness 10000) in paragraph at lines 65--72

 []

[2]
Underfull \hbox (badness 10000) in paragraph at lines 75--78

 []


Underfull \hbox (badness 10000) in paragraph at lines 79--82

 []


Underfull \hbox (badness 10000) in paragraph at lines 89--94

 []

[3]
Underfull \hbox (badness 10000) in paragraph at lines 97--100

 []


LaTeX Warning: Citation `ACS:2008' on page 4 undefined on input line 103.


Underfull \hbox (badness 10000) in paragraph at lines 103--109

 []


LaTeX Warning: Citation `155481' on page 4 undefined on input line 113.


LaTeX Warning: Citation `5349439' on page 4 undefined on input line 113.


LaTeX Warning: Citation `ACS:2008' on page 4 undefined on input line 113.


Underfull \hbox (badness 10000) in paragraph at lines 110--117

 []

[4]

LaTeX Warning: Citation `ACS:2008' on page 5 undefined on input line 125.


LaTeX Warning: Citation `Miovision:2012' on page 5 undefined on input line 125.



Underfull \hbox (badness 10000) in paragraph at lines 128--131

 []


Underfull \vbox (badness 10000) detected at line 146
 []

[5]

LaTeX Warning: Citation `scats' on page 6 undefined on input line 151.


Underfull \hbox (badness 10000) in paragraph at lines 149--152

 []

<figures/scat-screen.jpg, id=36, 418.56375pt x 313.17pt>
File: figures/scat-screen.jpg Graphic file (type jpg)

<use figures/scat-screen.jpg>
Package pdftex.def Info: figures/scat-screen.jpg used on input line 155.
(pdftex.def)             Requested size: 334.85144pt x 250.53633pt.

Underfull \hbox (badness 10000) in paragraph at lines 161--163

 []


LaTeX Warning: Citation `la-atcs-brochure' on page 6 undefined on input line 16
6.


Underfull \hbox (badness 10000) in paragraph at lines 164--167

 []

[6]
Underfull \hbox (badness 10000) in paragraph at lines 168--170

 []


Underfull \hbox (badness 10000) in paragraph at lines 171--177

 []

<figures/apple-maps.png, id=40, 750.805pt x 546.04pt>
File: figures/apple-maps.png Graphic file (type png)

<use figures/apple-maps.png>
Package pdftex.def Info: figures/apple-maps.png used on input line 180.
(pdftex.def)             Requested size: 345.37448pt x 251.18144pt.

Underfull \hbox (badness 10000) in paragraph at lines 186--191

 []

[7 <./figures/scat-screen.jpg>]
Underfull \hbox (badness 10000) in paragraph at lines 192--194

 []


Underfull \hbox (badness 10000) in paragraph at lines 195--203

 []

[8 <./figures/apple-maps.png>] [9]
Underfull \hbox (badness 10000) in paragraph at lines 221--221
[]|\OT1/cmr/m/n/10 (1) Traf-fic en-gi-neers and sim-i-lar
 []


Underfull \hbox (badness 3838) in paragraph at lines 221--221
\OT1/cmr/m/n/10 users must be able to ac-cess an
 []


Underfull \hbox (badness 10000) in paragraph at lines 221--221
\OT1/cmr/m/n/10 authentication-restricted in-ter-face
 []


Underfull \hbox (badness 1515) in paragraph at lines 221--221
\OT1/cmr/m/n/10 which al-lows them to mon-i-tor and
 []


Underfull \hbox (badness 1028) in paragraph at lines 221--221
\OT1/cmr/m/n/10 in-ter-act with the Re-lay Frame-work,
 []


Underfull \hbox (badness 1028) in paragraph at lines 226--226
[]|\OT1/cmr/m/n/10 Can the user ma-nip-u-late the map?
 []


Underfull \hbox (badness 1127) in paragraph at lines 230--230
[]|\OT1/cmr/m/n/10 1 to 5 Lik-ert Scale agree-ment rat-
 []


Underfull \hbox (badness 10000) in paragraph at lines 231--231
\OT1/cmr/m/n/10 in-ter-face must pro-vide tech-ni-cal,
 []


Underfull \hbox (badness 1389) in paragraph at lines 234--234
[]|\OT1/cmr/m/n/10 1 to 5 Lik-ert scale agree-ment rat-
 []


Underfull \vbox (badness 10000) detected at line 238
 []

[10] [11]
Underfull \hbox (badness 10000) in paragraph at lines 242--244

 []


Underfull \hbox (badness 10000) in paragraph at lines 245--249

 []


Underfull \hbox (badness 10000) in paragraph at lines 250--257

 []

[12]
Underfull \hbox (badness 10000) in paragraph at lines 258--263

 []

[13]
Underfull \hbox (badness 10000) in paragraph at lines 284--286

 []


LaTeX Warning: Citation `la-atcs-article' on page 14 undefined on input line 29
0.


Underfull \hbox (badness 10000) in paragraph at lines 289--298

 []


Underfull \hbox (badness 10000) in paragraph at lines 299--301

 []


Underfull \hbox (badness 10000) in paragraph at lines 302--304

 []

[14]
Underfull \hbox (badness 10000) in paragraph at lines 307--309

 []


Underfull \hbox (badness 10000) in paragraph at lines 310--316

 []


Underfull \hbox (badness 10000) in paragraph at lines 319--322

 []

<figures/wire-1.png, id=66, 169.63374pt x 147.55125pt>
File: figures/wire-1.png Graphic file (type png)

<use figures/wire-1.png>
Package pdftex.def Info: figures/wire-1.png used on input line 325.
(pdftex.def)             Requested size: 169.63332pt x 147.55087pt.
 <figures/wire-2.png, id=67, 375.4025pt x 112.42pt>
File: figures/wire-2.png Graphic file (type png)

<use figures/wire-2.png>
Package pdftex.def Info: figures/wire-2.png used on input line 333.
(pdftex.def)             Requested size: 375.40158pt x 112.41972pt.
 <figures/wire-4.png, id=68, 224.84pt x 140.525pt>
File: figures/wire-4.png Graphic file (type png)

<use figures/wire-4.png>
Package pdftex.def Info: figures/wire-4.png used on input line 341.
(pdftex.def)             Requested size: 224.83945pt x 140.52464pt.
 <figures/wire-5.png, id=69, 132.495pt x 115.43124pt>
File: figures/wire-5.png Graphic file (type png)

<use figures/wire-5.png>
Package pdftex.def Info: figures/wire-5.png used on input line 349.
(pdftex.def)             Requested size: 132.49466pt x 115.43095pt.

Underfull \hbox (badness 10000) in paragraph at lines 355--360

 []

[15] [16 <./figures/wire-1.png (PNG copy)> <./figures/wire-2.png (PNG copy)> <.
/figures/wire-4.png (PNG copy)> <./figures/wire-5.png (PNG copy)>]
Underfull \hbox (badness 10000) in paragraph at lines 361--368

 []


Underfull \hbox (badness 10000) in paragraph at lines 369--372

 []


Underfull \hbox (badness 10000) in paragraph at lines 375--382

 []

[17] <figures/map-style.png, id=80, 1284.8pt x 722.7pt>
File: figures/map-style.png Graphic file (type png)

<use figures/map-style.png>
Package pdftex.def Info: figures/map-style.png used on input line 385.
(pdftex.def)             Requested size: 449.68674pt x 252.94878pt.

Underfull \hbox (badness 10000) in paragraph at lines 391--393

 []

<figures/histo-1.png, id=81, 575.14874pt x 239.89626pt>
File: figures/histo-1.png Graphic file (type png)

<use figures/histo-1.png>
Package pdftex.def Info: figures/histo-1.png used on input line 396.
(pdftex.def)             Requested size: 442.8659pt x 184.72067pt.

<figures/histo-2.png, id=82, 512.91624pt x 357.335pt>
File: figures/histo-2.png Graphic file (type png)

<use figures/histo-2.png>
Package pdftex.def Info: figures/histo-2.png used on input line 404.
(pdftex.def)             Requested size: 394.94673pt x 275.14879pt.

<figures/dots-1.png, id=83, 384.43625pt x 173.64874pt>
File: figures/dots-1.png Graphic file (type png)

<use figures/dots-1.png>
Package pdftex.def Info: figures/dots-1.png used on input line 412.
(pdftex.def)             Requested size: 384.4353pt x 173.64832pt.

<figures/side-panel.png, id=84, 348.30125pt x 360.34625pt>
File: figures/side-panel.png Graphic file (type png)

<use figures/side-panel.png>
Package pdftex.def Info: figures/side-panel.png used on input line 420.
(pdftex.def)             Requested size: 348.3004pt x 360.34537pt.

<figures/dots-2.png, id=85, 174.6525pt x 164.615pt>
File: figures/dots-2.png Graphic file (type png)
 <use figures/dots-2.png>
Package pdftex.def Info: figures/dots-2.png used on input line 428.
(pdftex.def)             Requested size: 174.65207pt x 164.6146pt.


LaTeX Warning: Citation `Healey93' on page 18 undefined on input line 434.


LaTeX Warning: Citation `Healey96' on page 18 undefined on input line 434.


Underfull \hbox (badness 10000) in paragraph at lines 434--437

 []


Underfull \hbox (badness 10000) in paragraph at lines 440--443

 []

[18 <./figures/map-style.png (PNG copy)>] [19 <./figures/histo-1.png (PNG copy)
> <./figures/histo-2.png (PNG copy)>] [20 <./figures/dots-1.png (PNG copy)> <./
figures/side-panel.png (PNG copy)>]
<figures/screen-2.png, id=95, 488.82625pt x 429.605pt>
File: figures/screen-2.png Graphic file (type png)

<use figures/screen-2.png>
Package pdftex.def Info: figures/screen-2.png used on input line 446.
(pdftex.def)             Requested size: 244.41252pt x 214.80197pt.

<figures/screen-1.png, id=96, 955.57pt x 731.73375pt>
File: figures/screen-1.png Graphic file (type png)

<use figures/screen-1.png>
Package pdftex.def Info: figures/screen-1.png used on input line 454.
(pdftex.def)             Requested size: 449.11797pt x 343.9149pt.

Underfull \hbox (badness 10000) in paragraph at lines 460--461

 []


Underfull \hbox (badness 10000) in paragraph at lines 464--470

 []

[21 <./figures/dots-2.png (PNG copy)>] [22 <./figures/screen-2.png (PNG copy)> 
<./figures/screen-1.png (PNG copy)>]
Underfull \hbox (badness 10000) in paragraph at lines 471--473

 []

<figures/flow-chart.png, id=104, 1386.17876pt x 1997.4625pt>
File: figures/flow-chart.png Graphic file (type png)

<use figures/flow-chart.png>
Package pdftex.def Info: figures/flow-chart.png used on input line 476.
(pdftex.def)             Requested size: 415.85684pt x 599.24338pt.

Underfull \hbox (badness 10000) in paragraph at lines 482--485

 []


Underfull \hbox (badness 10000) in paragraph at lines 488--491

 []


Underfull \hbox (badness 10000) in paragraph at lines 492--496

 []


Underfull \hbox (badness 10000) in paragraph at lines 499--504

 []

[23] [24 <./figures/flow-chart.png>]
Underfull \hbox (badness 10000) in paragraph at lines 505--507

 []


Underfull \hbox (badness 10000) in paragraph at lines 508--512

 []


Underfull \hbox (badness 10000) in paragraph at lines 513--518

 []


Overfull \hbox (4.74872pt too wide) in paragraph at lines 520--520
[]|\OT1/cmr/bx/n/10 Google/Bing| 
 []


Overfull \hbox (1.28862pt too wide) in paragraph at lines 520--520
[]|\OT1/cmr/bx/n/10 CloudMade
 []


Underfull \hbox (badness 6675) in paragraph at lines 521--521
[]|\OT1/cmr/m/n/10 Free Plan Re-
 []


Underfull \hbox (badness 10000) in paragraph at lines 522--522
[]|\OT1/cmr/m/n/10 Database Re-
 []


Underfull \hbox (badness 10000) in paragraph at lines 523--523
[]|\OT1/cmr/m/n/10 Standard API
 []


Overfull \hbox (4.63795pt too wide) in paragraph at lines 523--523
[]|\OT1/cmr/m/n/10 cartodb.js/leaflet.js| 
 []


Overfull \hbox (5.72131pt too wide) in paragraph at lines 523--523
[]|\OT1/cmr/m/n/10 mapbox.js/leaflet.js| 
 []


Underfull \hbox (badness 10000) in paragraph at lines 524--524
[]|\OT1/cmr/m/n/10 specialized
 []


Underfull \hbox (badness 10000) in paragraph at lines 524--524
[]|\OT1/cmr/m/n/10 style-wizard
 []


Underfull \hbox (badness 5519) in paragraph at lines 524--524
\OT1/cmr/m/n/10 (not con-fig-
 []


Underfull \hbox (badness 10000) in paragraph at lines 525--525
[]|\OT1/cmr/m/n/10 Within
 []


Underfull \hbox (badness 10000) in paragraph at lines 525--525
[]|\OT1/cmr/m/n/10 open-source
 []


Underfull \hbox (badness 10000) in paragraph at lines 525--525
[]|\OT1/cmr/m/n/10 partial open-
 []


Overfull \hbox (11.91982pt too wide) in alignment at lines 519--528
 [] [] [] [] [] [] 
 []


Underfull \vbox (badness 10000) detected at line 528
 []

[25]
Underfull \hbox (badness 10000) in paragraph at lines 530--531

 []


Underfull \vbox (badness 10000) detected at line 542
 []


Underfull \hbox (badness 10000) in paragraph at lines 544--547

 []

[26]
Underfull \hbox (badness 10000) in paragraph at lines 548--554

 []


Underfull \hbox (badness 10000) in paragraph at lines 558--566

 []


Underfull \hbox (badness 10000) in paragraph at lines 569--573

 []

[27]
Underfull \hbox (badness 10000) in paragraph at lines 574--583

 []


Underfull \hbox (badness 10000) in paragraph at lines 586--588

 []


Underfull \hbox (badness 10000) in paragraph at lines 589--592

 []

[28]
Underfull \hbox (badness 10000) in paragraph at lines 595--602

 []

<figures/Relay_Intersection_Graph.png, id=127, 1838.87pt x 1066.98625pt>
File: figures/Relay_Intersection_Graph.png Graphic file (type png)

<use figures/Relay_Intersection_Graph.png>
Package pdftex.def Info: figures/Relay_Intersection_Graph.png used on input lin
e 605.
(pdftex.def)             Requested size: 469.75502pt x 272.55818pt.

Underfull \hbox (badness 10000) in paragraph at lines 609--613

 []

[29 <./figures/Relay_Intersection_Graph.png>]
Underfull \hbox (badness 10000) in paragraph at lines 615--618

 []

<figures/Relay_Agent_Controller.png, id=132, 1920.17375pt x 1120.185pt>
File: figures/Relay_Agent_Controller.png Graphic file (type png)

<use figures/Relay_Agent_Controller.png>
Package pdftex.def Info: figures/Relay_Agent_Controller.png used on input line 
621.
(pdftex.def)             Requested size: 469.75502pt x 274.02896pt.

Underfull \hbox (badness 10000) in paragraph at lines 625--627

 []

[30 <./figures/Relay_Agent_Controller.png>]
Underfull \hbox (badness 10000) in paragraph at lines 628--634

 []


LaTeX Warning: Citation `Miovision:2012' on page 31 undefined on input line 637
.


Underfull \hbox (badness 10000) in paragraph at lines 635--640

 []


Underfull \hbox (badness 10000) in paragraph at lines 643--647

 []

[31]
Underfull \hbox (badness 10000) in paragraph at lines 648--652

 []

<figures/Relay_Network.png, id=140, 1656.1875pt x 1511.6475pt>
File: figures/Relay_Network.png Graphic file (type png)

<use figures/Relay_Network.png>
Package pdftex.def Info: figures/Relay_Network.png used on input line 655.
(pdftex.def)             Requested size: 469.75502pt x 428.7481pt.

Underfull \hbox (badness 10000) in paragraph at lines 659--662

 []

[32 <./figures/Relay_Network.png>]
Underfull \hbox (badness 10000) in paragraph at lines 665--669

 []

<figures/Relay_Macro_Graph.png, id=145, 1157.32375pt x 715.67375pt>
File: figures/Relay_Macro_Graph.png Graphic file (type png)

<use figures/Relay_Macro_Graph.png>
Package pdftex.def Info: figures/Relay_Macro_Graph.png used on input line 672.
(pdftex.def)             Requested size: 469.75502pt x 290.49057pt.

Underfull \hbox (badness 10000) in paragraph at lines 678--681

 []

[33 <./figures/Relay_Macro_Graph.png>]
Underfull \hbox (badness 10000) in paragraph at lines 682--685

 []


Underfull \hbox (badness 10000) in paragraph at lines 686--691

 []


Underfull \hbox (badness 10000) in paragraph at lines 694--698

 []


Underfull \hbox (badness 10000) in paragraph at lines 699--706

 []

[34]
Underfull \hbox (badness 10000) in paragraph at lines 707--716

 []


Underfull \hbox (badness 10000) in paragraph at lines 717--721

 []


Underfull \hbox (badness 10000) in paragraph at lines 724--733

 []

[35] [36]
Underfull \hbox (badness 10000) in paragraph at lines 740--746

 []


Underfull \hbox (badness 10000) in paragraph at lines 747--752

 []


Underfull \hbox (badness 10000) in paragraph at lines 753--756

 []


Underfull \hbox (badness 10000) in paragraph at lines 757--761

 []

[37]
Underfull \hbox (badness 10000) in paragraph at lines 762--764

 []


Underfull \hbox (badness 10000) in paragraph at lines 765--767

 []


Underfull \hbox (badness 10000) in paragraph at lines 770--774

 []


Underfull \hbox (badness 10000) in paragraph at lines 775--777

 []


Underfull \hbox (badness 10000) in paragraph at lines 780--784

 []

[38]
Underfull \hbox (badness 2521) in paragraph at lines 790--790
\OT1/cmr/m/n/10 tors'' (i.e. in-ter-sec-tions). Be-gin
 []


Underfull \hbox (badness 1117) in paragraph at lines 790--790
\OT1/cmr/m/n/10 de-vel-op-ment of net-work ar-chi-tec-ture
 []


Underfull \hbox (badness 10000) in paragraph at lines 791--791
[]|\OT1/cmr/m/n/10 Application De-vel-op-ment
 []


Underfull \hbox (badness 1147) in paragraph at lines 791--791
[]|\OT1/cmr/m/n/10 Continue it-er-at-ing on cur-rent in-ter-
 []


Underfull \hbox (badness 5711) in paragraph at lines 794--794
[]|\OT1/cmr/m/n/10 Passes net-work tests and
 []


Underfull \hbox (badness 10000) in paragraph at lines 796--796
[]|\OT1/cmr/m/n/10 Prototype Up-date De-mo/
 []


Underfull \hbox (badness 5711) in paragraph at lines 797--797
[]|\OT1/cmr/m/n/10 Passes net-work tests and
 []


Underfull \hbox (badness 10000) in paragraph at lines 798--798
[]|\OT1/cmr/m/n/10 Application De-vel-op-ment
 []


Underfull \hbox (badness 2772) in paragraph at lines 798--798
[]|\OT1/cmr/m/n/10 Refined ap-pli-ca-tion ex-pe-ri-
 []


Underfull \hbox (badness 5711) in paragraph at lines 799--799
[]|\OT1/cmr/m/n/10 Passes net-work tests and
 []


Underfull \hbox (badness 1142) in paragraph at lines 800--800
\OT1/cmr/m/n/10 im-prov-ing sta-bil-ity, test-ing net-work,
 []


Underfull \hbox (badness 10000) in paragraph at lines 801--801
[]|\OT1/cmr/m/n/10 High-Fidelity Ap-pli-ca-tion
 []


Underfull \vbox (badness 10000) detected at line 805
 []

[39] [40] [41] <figures/gantt-vertical.png, id=176, 413.545pt x 1111.15125pt>
File: figures/gantt-vertical.png Graphic file (type png)

<use figures/gantt-vertical.png>
Package pdftex.def Info: figures/gantt-vertical.png used on input line 815.
(pdftex.def)             Requested size: 206.77199pt x 555.57426pt.
 [42 <./figures/gantt-vertical.png (PNG copy)>]
Underfull \hbox (badness 10000) in paragraph at lines 824--826

 []


Underfull \hbox (badness 10000) in paragraph at lines 827--832

 []


Underfull \hbox (badness 10000) in paragraph at lines 833--838

 []


Underfull \hbox (badness 10000) in paragraph at lines 839--844

 []

[43] [44]
No file final_report.bbl.
(./final_report.aux)

LaTeX Font Warning: Some font shapes were not available, defaults substituted.


LaTeX Warning: There were undefined references.

 ) 
Here is how much of TeX's memory you used:
 4990 strings out of 493315
 71086 string characters out of 6137904
 167086 words of memory out of 5000000
 8332 multiletter control sequences out of 15000+600000
 7863 words of font info for 30 fonts, out of 8000000 for 9000
 957 hyphenation exceptions out of 8191
 38i,10n,34p,588b,241s stack positions out of 5000i,500n,10000p,200000b,80000s
</usr/local/texlive/2013/texmf-dist/fonts/type1/public/amsfonts/cm/cmbx10.pfb
></usr/local/texlive/2013/texmf-dist/fonts/type1/public/amsfonts/cm/cmbx12.pfb>
</usr/local/texlive/2013/texmf-dist/fonts/type1/public/amsfonts/cm/cmbxti10.pfb
></usr/local/texlive/2013/texmf-dist/fonts/type1/public/amsfonts/cm/cmr10.pfb><
/usr/local/texlive/2013/texmf-dist/fonts/type1/public/amsfonts/cm/cmsy10.pfb></
usr/local/texlive/2013/texmf-dist/fonts/type1/public/amsfonts/cm/cmti10.pfb>
Output written on final_report.pdf (48 pages, 2567603 bytes).
PDF statistics:
 210 PDF objects out of 1000 (max. 8388607)
 127 compressed objects within 2 object streams
 0 named destinations out of 1000 (max. 500000)
 101 words of extra memory for PDF output out of 10000 (max. 10000000)

